<?xml version="1.0" encoding="UTF-8"?>
<!-- Generated by org.testng.reporters.JUnitReportReporter -->
<testsuite hostname="ITIN000297-MAC" failures="0" tests="3" name="com.moengage.tests.MoEngageTest" time="57.907" errors="0" timestamp="2020-11-18T11:29:11 IST" skipped="0">
  <testcase classname="com.moengage.tests.MoEngageTest" name="getCharactersTest" time="14.934"/>
  <system-out/>
  <testcase classname="com.moengage.tests.MoEngageTest" name="getSeriesTest" time="5.292"/>
  <system-out/>
  <testcase classname="com.moengage.tests.MoEngageTest" name="getStoriesTest" time="37.681"/>
  <system-out/>
</testsuite> <!-- com.moengage.tests.MoEngageTest -->
